2025-02-05 04:23:52.263 INFO  [Test worker] [com.example.shop.ShopApplicationTests] - Starting ShopApplicationTests using Java 1.8.0_412 on DESKTOP-N4C3HJ0 with PID 8360 (started by sj771 in C:\git\Shop)
2025-02-05 04:23:52.265 INFO  [Test worker] [com.example.shop.ShopApplicationTests] - No active profile set, falling back to 1 default profile: "default"
2025-02-05 04:23:53.147 DEBUG [Test worker] [o.s.s.w.a.e.ExpressionBasedFilterInvocationSecurityMetadataSource] - Adding web access control expression [permitAll] for Ant [pattern='/login']
2025-02-05 04:23:53.158 DEBUG [Test worker] [o.s.s.w.a.e.ExpressionBasedFilterInvocationSecurityMetadataSource] - Adding web access control expression [permitAll] for Ant [pattern='/letsignup']
2025-02-05 04:23:53.158 DEBUG [Test worker] [o.s.s.w.a.e.ExpressionBasedFilterInvocationSecurityMetadataSource] - Adding web access control expression [permitAll] for Ant [pattern='/main']
2025-02-05 04:23:53.158 DEBUG [Test worker] [o.s.s.w.a.e.ExpressionBasedFilterInvocationSecurityMetadataSource] - Adding web access control expression [permitAll] for Ant [pattern='/shop/**']
2025-02-05 04:23:53.159 DEBUG [Test worker] [o.s.s.w.a.e.ExpressionBasedFilterInvocationSecurityMetadataSource] - Adding web access control expression [permitAll] for Ant [pattern='/category/**']
2025-02-05 04:23:53.159 DEBUG [Test worker] [o.s.s.w.a.e.ExpressionBasedFilterInvocationSecurityMetadataSource] - Adding web access control expression [permitAll] for Ant [pattern='/single/**']
2025-02-05 04:23:53.159 DEBUG [Test worker] [o.s.s.w.a.e.ExpressionBasedFilterInvocationSecurityMetadataSource] - Adding web access control expression [permitAll] for Ant [pattern='/searchResult']
2025-02-05 04:23:53.159 DEBUG [Test worker] [o.s.s.w.a.e.ExpressionBasedFilterInvocationSecurityMetadataSource] - Adding web access control expression [permitAll] for Ant [pattern='/css/**']
2025-02-05 04:23:53.159 DEBUG [Test worker] [o.s.s.w.a.e.ExpressionBasedFilterInvocationSecurityMetadataSource] - Adding web access control expression [permitAll] for Ant [pattern='/js/**']
2025-02-05 04:23:53.159 DEBUG [Test worker] [o.s.s.w.a.e.ExpressionBasedFilterInvocationSecurityMetadataSource] - Adding web access control expression [permitAll] for Ant [pattern='/img/**']
2025-02-05 04:23:53.159 DEBUG [Test worker] [o.s.s.w.a.e.ExpressionBasedFilterInvocationSecurityMetadataSource] - Adding web access control expression [permitAll] for Ant [pattern='/checkpd']
2025-02-05 04:23:53.159 DEBUG [Test worker] [o.s.s.w.a.e.ExpressionBasedFilterInvocationSecurityMetadataSource] - Adding web access control expression [permitAll] for Ant [pattern='/search/**']
2025-02-05 04:23:53.159 DEBUG [Test worker] [o.s.s.w.a.e.ExpressionBasedFilterInvocationSecurityMetadataSource] - Adding web access control expression [permitAll] for Ant [pattern='/']
2025-02-05 04:23:53.159 DEBUG [Test worker] [o.s.s.w.a.e.ExpressionBasedFilterInvocationSecurityMetadataSource] - Adding web access control expression [permitAll] for Ant [pattern='/signup']
2025-02-05 04:23:53.159 DEBUG [Test worker] [o.s.s.w.a.e.ExpressionBasedFilterInvocationSecurityMetadataSource] - Adding web access control expression [permitAll] for Ant [pattern='/checkid']
2025-02-05 04:23:53.159 DEBUG [Test worker] [o.s.s.w.a.e.ExpressionBasedFilterInvocationSecurityMetadataSource] - Adding web access control expression [permitAll] for Ant [pattern='/checkmail']
2025-02-05 04:23:53.159 DEBUG [Test worker] [o.s.s.w.a.e.ExpressionBasedFilterInvocationSecurityMetadataSource] - Adding web access control expression [permitAll] for Ant [pattern='/mypageSearch']
2025-02-05 04:23:53.159 DEBUG [Test worker] [o.s.s.w.a.e.ExpressionBasedFilterInvocationSecurityMetadataSource] - Adding web access control expression [permitAll] for Ant [pattern='/checktel']
2025-02-05 04:23:53.159 DEBUG [Test worker] [o.s.s.w.a.e.ExpressionBasedFilterInvocationSecurityMetadataSource] - Adding web access control expression [permitAll] for Ant [pattern='/signupre']
2025-02-05 04:23:53.160 DEBUG [Test worker] [o.s.s.w.a.e.ExpressionBasedFilterInvocationSecurityMetadataSource] - Adding web access control expression [permitAll] for Ant [pattern='/modalcheck']
2025-02-05 04:23:53.160 DEBUG [Test worker] [o.s.s.w.a.e.ExpressionBasedFilterInvocationSecurityMetadataSource] - Adding web access control expression [permitAll] for Ant [pattern='/updateDefaultAdd']
2025-02-05 04:23:53.160 DEBUG [Test worker] [o.s.s.w.a.e.ExpressionBasedFilterInvocationSecurityMetadataSource] - Adding web access control expression [permitAll] for Ant [pattern='/passwordCh']
2025-02-05 04:23:53.160 DEBUG [Test worker] [o.s.s.w.a.e.ExpressionBasedFilterInvocationSecurityMetadataSource] - Adding web access control expression [authenticated] for any request
2025-02-05 04:23:53.173 INFO  [Test worker] [o.s.s.web.DefaultSecurityFilterChain] - Will secure any request with [org.springframework.security.web.session.DisableEncodeUrlFilter@3138953b, org.springframework.security.web.context.request.async.WebAsyncManagerIntegrationFilter@27df95e, org.springframework.security.web.context.SecurityContextPersistenceFilter@443faa85, org.springframework.security.web.header.HeaderWriterFilter@794366a5, org.springframework.web.filter.CorsFilter@b46e103, org.springframework.security.web.authentication.logout.LogoutFilter@1945113f, org.springframework.security.web.authentication.UsernamePasswordAuthenticationFilter@4f2d995e, org.springframework.security.web.savedrequest.RequestCacheAwareFilter@41da3aee, org.springframework.security.web.servletapi.SecurityContextHolderAwareRequestFilter@64920dc2, org.springframework.security.web.authentication.AnonymousAuthenticationFilter@2b0e9f30, org.springframework.security.web.session.SessionManagementFilter@40f35e52, org.springframework.security.web.access.ExceptionTranslationFilter@9b76b60, org.springframework.security.web.access.intercept.FilterSecurityInterceptor@60bb7995]
2025-02-05 04:23:53.365 INFO  [Test worker] [o.s.b.a.w.s.WelcomePageHandlerMapping] - Adding welcome page template: index
2025-02-05 04:23:53.457 WARN  [Test worker] [org.thymeleaf.templatemode.TemplateMode] - [THYMELEAF][Test worker] Unknown Template Mode 'HTMLs'. Must be one of: 'HTML', 'XML', 'TEXT', 'JAVASCRIPT', 'CSS', 'RAW'. Using default Template Mode 'HTML'.
2025-02-05 04:23:53.568 INFO  [Test worker] [com.example.shop.ShopApplicationTests] - Started ShopApplicationTests in 1.491 seconds (JVM running for 2.159)
